21:21:58.611 [main] INFO  c.u.e.EnRutaBackendApplication - Starting EnRutaBackendApplication using Java 17.0.12 with PID 21992 (C:\gitRepo\backend\target\classes started by pbene in C:\gitRepo\backend)
21:21:58.612 [main] INFO  c.u.e.EnRutaBackendApplication - No active profile set, falling back to 1 default profile: "default"
21:34:04.602 [main] INFO  c.u.e.EnRutaBackendApplication - Starting EnRutaBackendApplication using Java 17.0.12 with PID 23688 (C:\gitRepo\backend\target\classes started by pbene in C:\gitRepo\backend)
21:34:04.603 [main] INFO  c.u.e.EnRutaBackendApplication - No active profile set, falling back to 1 default profile: "default"
21:36:08.268 [main] INFO  c.u.e.EnRutaBackendApplication - Starting EnRutaBackendApplication using Java 17.0.12 with PID 11328 (C:\gitRepo\backend\target\classes started by pbene in C:\gitRepo\backend)
21:36:08.270 [main] INFO  c.u.e.EnRutaBackendApplication - No active profile set, falling back to 1 default profile: "default"
21:46:05.539 [main] INFO  c.u.e.EnRutaBackendApplication - Starting EnRutaBackendApplication using Java 17.0.12 with PID 3436 (C:\gitRepo\backend\target\classes started by pbene in C:\gitRepo\backend)
21:46:05.540 [main] INFO  c.u.e.EnRutaBackendApplication - No active profile set, falling back to 1 default profile: "default"
21:58:34.335 [main] INFO  c.u.e.EnRutaBackendApplication - Starting EnRutaBackendApplication using Java 17.0.12 with PID 15852 (C:\gitRepo\backend\target\classes started by pbene in C:\gitRepo\backend)
21:58:34.336 [main] INFO  c.u.e.EnRutaBackendApplication - No active profile set, falling back to 1 default profile: "default"
21:58:42.379 [main] INFO  c.u.e.EnRutaBackendApplication - Started EnRutaBackendApplication in 8.35 seconds (process running for 9.156)
22:13:22.957 [main] INFO  c.u.e.EnRutaBackendApplication - Starting EnRutaBackendApplication using Java 17.0.12 with PID 16848 (C:\gitRepo\backend\target\classes started by pbene in C:\gitRepo\backend)
22:13:22.958 [main] INFO  c.u.e.EnRutaBackendApplication - No active profile set, falling back to 1 default profile: "default"
22:13:30.814 [main] INFO  c.u.e.EnRutaBackendApplication - Started EnRutaBackendApplication in 8.137 seconds (process running for 8.923)
22:22:46.973 [main] INFO  c.u.e.EnRutaBackendApplication - Starting EnRutaBackendApplication using Java 17.0.12 with PID 22952 (C:\gitRepo\backend\target\classes started by pbene in C:\gitRepo\backend)
22:22:46.974 [main] INFO  c.u.e.EnRutaBackendApplication - No active profile set, falling back to 1 default profile: "default"
22:22:54.916 [main] INFO  c.u.e.EnRutaBackendApplication - Started EnRutaBackendApplication in 8.244 seconds (process running for 9.055)
22:27:03.612 [main] INFO  c.u.e.EnRutaBackendApplication - Starting EnRutaBackendApplication using Java 17.0.12 with PID 17116 (C:\gitRepo\backend\target\classes started by pbene in C:\gitRepo\backend)
22:27:03.613 [main] INFO  c.u.e.EnRutaBackendApplication - No active profile set, falling back to 1 default profile: "default"
22:40:13.896 [main] INFO  c.u.e.EnRutaBackendApplication - Starting EnRutaBackendApplication using Java 17.0.12 with PID 15540 (C:\gitRepo\backend\target\classes started by pbene in C:\gitRepo\backend)
22:40:13.897 [main] INFO  c.u.e.EnRutaBackendApplication - No active profile set, falling back to 1 default profile: "default"
22:40:21.667 [main] INFO  c.u.e.EnRutaBackendApplication - Started EnRutaBackendApplication in 8.069 seconds (process running for 8.897)
22:47:43.215 [main] INFO  c.u.e.EnRutaBackendApplication - Starting EnRutaBackendApplication using Java 17.0.12 with PID 24164 (C:\gitRepo\backend\target\classes started by pbene in C:\gitRepo\backend)
22:47:43.217 [main] INFO  c.u.e.EnRutaBackendApplication - No active profile set, falling back to 1 default profile: "default"
22:47:51.206 [main] INFO  c.u.e.EnRutaBackendApplication - Started EnRutaBackendApplication in 8.295 seconds (process running for 9.124)
22:50:26.329 [main] INFO  c.u.e.EnRutaBackendApplication - Starting EnRutaBackendApplication using Java 17.0.12 with PID 1920 (C:\gitRepo\backend\target\classes started by pbene in C:\gitRepo\backend)
22:50:26.330 [main] INFO  c.u.e.EnRutaBackendApplication - No active profile set, falling back to 1 default profile: "default"
22:50:34.095 [main] INFO  c.u.e.EnRutaBackendApplication - Started EnRutaBackendApplication in 8.059 seconds (process running for 8.853)
22:56:06.160 [main] INFO  c.u.e.EnRutaBackendApplication - Starting EnRutaBackendApplication using Java 17.0.12 with PID 25032 (C:\gitRepo\backend\target\classes started by pbene in C:\gitRepo\backend)
22:56:06.161 [main] INFO  c.u.e.EnRutaBackendApplication - No active profile set, falling back to 1 default profile: "default"
22:56:14.017 [main] INFO  c.u.e.EnRutaBackendApplication - Started EnRutaBackendApplication in 8.149 seconds (process running for 8.952)
22:56:42.543 [http-nio-8081-exec-5] INFO  c.u.e.services.ServiceUsuario - b51847bc-a790-4cd3-87da-c67ac63728de
22:57:10.461 [http-nio-8081-exec-5] INFO  c.u.e.services.ServiceUsuario - $2a$10$A7KLFh9tNvwX/q4kXoB3l.sjgaYdG3mKWRsynPKJV4xlu60Siy30y
22:59:42.952 [http-nio-8081-exec-6] INFO  c.u.e.services.ServiceUsuario - fde3c67a-06af-4d05-a420-d9e80c74bcad
22:59:43.059 [http-nio-8081-exec-6] INFO  c.u.e.services.ServiceUsuario - $2a$10$gD7b6Jy16mW.x0HuzhD5V.8vNTWh6TGPDyHWJU9zsSGPKigb6X61e
22:59:43.138 [http-nio-8081-exec-6] INFO  c.u.e.services.ServiceUsuario - Row was updated or deleted by another transaction (or unsaved-value mapping was incorrect): [com.uy.enRutaBackend.entities.Usuario#fde3c67a-06af-4d05-a420-d9e80c74bcad]
23:01:53.793 [main] INFO  c.u.e.EnRutaBackendApplication - Starting EnRutaBackendApplication using Java 17.0.12 with PID 11428 (C:\gitRepo\backend\target\classes started by pbene in C:\gitRepo\backend)
23:01:53.794 [main] INFO  c.u.e.EnRutaBackendApplication - No active profile set, falling back to 1 default profile: "default"
23:02:01.530 [main] INFO  c.u.e.EnRutaBackendApplication - Started EnRutaBackendApplication in 8.021 seconds (process running for 8.815)
23:02:09.359 [http-nio-8081-exec-1] INFO  c.u.e.services.ServiceUsuario - f401332a-467b-4a74-a71f-f42523879539
23:02:09.477 [http-nio-8081-exec-1] INFO  c.u.e.services.ServiceUsuario - $2a$10$XpcbxEjMHKzy.lyMrGrYPe2rdS7Zn2dLREpV0/qwKh34RzdvWPVju
23:02:09.505 [http-nio-8081-exec-1] INFO  c.u.e.services.ServiceUsuario - Detached entity with generated id 'f401332a-467b-4a74-a71f-f42523879539' has an uninitialized version value 'null': com.uy.enRutaBackend.entities.Usuario.version
23:05:37.923 [main] INFO  c.u.e.EnRutaBackendApplication - Starting EnRutaBackendApplication using Java 17.0.12 with PID 19716 (C:\gitRepo\backend\target\classes started by pbene in C:\gitRepo\backend)
23:05:37.925 [main] INFO  c.u.e.EnRutaBackendApplication - No active profile set, falling back to 1 default profile: "default"
23:06:21.729 [main] INFO  c.u.e.EnRutaBackendApplication - Starting EnRutaBackendApplication using Java 17.0.12 with PID 6712 (C:\gitRepo\backend\target\classes started by pbene in C:\gitRepo\backend)
23:06:21.730 [main] INFO  c.u.e.EnRutaBackendApplication - No active profile set, falling back to 1 default profile: "default"
23:06:29.379 [main] INFO  c.u.e.EnRutaBackendApplication - Started EnRutaBackendApplication in 7.938 seconds (process running for 8.733)
23:06:39.742 [http-nio-8081-exec-1] INFO  c.u.e.services.ServiceUsuario - 6c940207-b62c-4b6f-aa77-7002a921e48b
23:06:39.903 [http-nio-8081-exec-1] INFO  c.u.e.services.ServiceUsuario - $2a$10$OfUvEPOqC5EdceBZeBVva.4NqZd5kFLgFCAe9f0.RO8TnIxEqmbg.
23:06:40.047 [http-nio-8081-exec-1] INFO  c.u.e.services.ServiceUsuario - Row was updated or deleted by another transaction (or unsaved-value mapping was incorrect): [com.uy.enRutaBackend.entities.Usuario#6c940207-b62c-4b6f-aa77-7002a921e48b]
23:07:21.167 [main] INFO  c.u.e.EnRutaBackendApplication - Starting EnRutaBackendApplication using Java 17.0.12 with PID 17488 (C:\gitRepo\backend\target\classes started by pbene in C:\gitRepo\backend)
23:07:21.168 [main] INFO  c.u.e.EnRutaBackendApplication - No active profile set, falling back to 1 default profile: "default"
23:07:28.979 [main] INFO  c.u.e.EnRutaBackendApplication - Started EnRutaBackendApplication in 8.097 seconds (process running for 8.9)
23:07:39.430 [http-nio-8081-exec-5] INFO  c.u.e.services.ServiceUsuario - 43e84398-4ca3-4cd0-8a2d-852b2693ba00
23:07:39.596 [http-nio-8081-exec-5] INFO  c.u.e.services.ServiceUsuario - $2a$10$94QxcSF95zfVXLP0f.Qb7e.ED7UDr8g2k99F04Eo2/5uTNdwypIxS
23:07:39.629 [http-nio-8081-exec-5] INFO  c.u.e.services.ServiceUsuario - Detached entity with generated id '43e84398-4ca3-4cd0-8a2d-852b2693ba00' has an uninitialized version value 'null': com.uy.enRutaBackend.entities.Usuario.version
23:12:13.394 [main] INFO  c.u.e.EnRutaBackendApplication - Starting EnRutaBackendApplication using Java 17.0.12 with PID 3520 (C:\gitRepo\backend\target\classes started by pbene in C:\gitRepo\backend)
23:12:13.396 [main] INFO  c.u.e.EnRutaBackendApplication - No active profile set, falling back to 1 default profile: "default"
23:12:20.982 [main] INFO  c.u.e.EnRutaBackendApplication - Started EnRutaBackendApplication in 7.883 seconds (process running for 8.675)
23:12:58.771 [http-nio-8081-exec-1] INFO  c.u.e.services.ServiceUsuario - e5c86c3f-5b6c-487a-bded-e1cb7d537ea7
23:12:58.932 [http-nio-8081-exec-1] INFO  c.u.e.services.ServiceUsuario - $2a$10$eIEP0wXgz/4aypJkwzF/4O8XD/IScb39u17JRVuFFKAtURIHPQRHy
23:12:59.077 [http-nio-8081-exec-1] INFO  c.u.e.services.ServiceUsuario - Row was updated or deleted by another transaction (or unsaved-value mapping was incorrect): [com.uy.enRutaBackend.entities.Usuario#e5c86c3f-5b6c-487a-bded-e1cb7d537ea7]
23:15:12.571 [main] INFO  c.u.e.EnRutaBackendApplication - Starting EnRutaBackendApplication using Java 17.0.12 with PID 21832 (C:\gitRepo\backend\target\classes started by pbene in C:\gitRepo\backend)
23:15:12.572 [main] INFO  c.u.e.EnRutaBackendApplication - No active profile set, falling back to 1 default profile: "default"
23:15:20.232 [main] INFO  c.u.e.EnRutaBackendApplication - Started EnRutaBackendApplication in 7.96 seconds (process running for 8.756)
23:16:33.752 [http-nio-8081-exec-1] INFO  c.u.e.services.ServiceUsuario - e18494a8-7172-4a71-a101-daef4f00018e
23:16:33.823 [http-nio-8081-exec-1] INFO  c.u.e.services.ServiceUsuario - $2a$10$cEL5CvsFYGEZXgYPuF5XLOWNwso7NSMHjkbIZFIlaI5gjBSXhJ0b.
23:16:33.982 [http-nio-8081-exec-1] INFO  c.u.e.services.ServiceUsuario - Row was updated or deleted by another transaction (or unsaved-value mapping was incorrect): [com.uy.enRutaBackend.entities.Usuario#e18494a8-7172-4a71-a101-daef4f00018e]
23:17:45.631 [main] INFO  c.u.e.EnRutaBackendApplication - Starting EnRutaBackendApplication using Java 17.0.12 with PID 22828 (C:\gitRepo\backend\target\classes started by pbene in C:\gitRepo\backend)
23:17:45.632 [main] INFO  c.u.e.EnRutaBackendApplication - No active profile set, falling back to 1 default profile: "default"
23:17:53.313 [main] INFO  c.u.e.EnRutaBackendApplication - Started EnRutaBackendApplication in 7.98 seconds (process running for 8.773)
23:18:19.391 [http-nio-8081-exec-5] INFO  c.u.e.services.ServiceUsuario - 1c4cd93b-de3b-4614-bd9d-2b3ba48bdf5e
23:18:19.462 [http-nio-8081-exec-5] INFO  c.u.e.services.ServiceUsuario - $2a$10$247pFNYh2OhyXKHsS.z1Senpx.A2SBI/sCW9vVNp8m5xHAtJUPqvG
23:18:19.627 [http-nio-8081-exec-5] INFO  c.u.e.services.ServiceUsuario - Row was updated or deleted by another transaction (or unsaved-value mapping was incorrect): [com.uy.enRutaBackend.entities.Usuario#1c4cd93b-de3b-4614-bd9d-2b3ba48bdf5e]
23:18:35.287 [http-nio-8081-exec-6] INFO  c.u.e.services.ServiceUsuario - 353bea65-fa65-4fea-b8e3-2a74ac34790c
23:18:35.355 [http-nio-8081-exec-6] INFO  c.u.e.services.ServiceUsuario - $2a$10$uMlTET4cD7wpjjN7mrrQkOiEb6WJaQXHbNkAlbiaGtTleN6DpYLty
23:18:35.474 [http-nio-8081-exec-6] INFO  c.u.e.services.ServiceUsuario - Row was updated or deleted by another transaction (or unsaved-value mapping was incorrect): [com.uy.enRutaBackend.entities.Usuario#353bea65-fa65-4fea-b8e3-2a74ac34790c]
23:21:35.552 [main] INFO  c.u.e.EnRutaBackendApplication - Starting EnRutaBackendApplication using Java 17.0.12 with PID 15548 (C:\gitRepo\backend\target\classes started by pbene in C:\gitRepo\backend)
23:21:35.554 [main] INFO  c.u.e.EnRutaBackendApplication - No active profile set, falling back to 1 default profile: "default"
23:21:43.216 [main] INFO  c.u.e.EnRutaBackendApplication - Started EnRutaBackendApplication in 7.959 seconds (process running for 8.755)
23:21:53.597 [http-nio-8081-exec-1] INFO  c.u.e.services.ServiceUsuario - a6502d98-bbf1-42a6-b42e-6ebbab79b70f
23:21:53.668 [http-nio-8081-exec-1] INFO  c.u.e.services.ServiceUsuario - $2a$10$CwMf/p9LzelDA164biTSv.vuv1qB89JHBPjaoRX.3vvMnIKM86IjC
23:21:53.827 [http-nio-8081-exec-1] INFO  c.u.e.services.ServiceUsuario - Row was updated or deleted by another transaction (or unsaved-value mapping was incorrect): [com.uy.enRutaBackend.entities.Usuario#a6502d98-bbf1-42a6-b42e-6ebbab79b70f]
23:26:11.972 [main] INFO  c.u.e.EnRutaBackendApplication - Starting EnRutaBackendApplication using Java 17.0.12 with PID 25068 (C:\gitRepo\backend\target\classes started by pbene in C:\gitRepo\backend)
23:26:11.973 [main] INFO  c.u.e.EnRutaBackendApplication - No active profile set, falling back to 1 default profile: "default"
23:26:19.881 [main] INFO  c.u.e.EnRutaBackendApplication - Started EnRutaBackendApplication in 8.213 seconds (process running for 9.042)
23:27:02.446 [http-nio-8081-exec-1] INFO  c.u.e.services.ServiceUsuario - f3dc0a81-7d6b-4267-a8be-18353b8fb867
23:27:02.517 [http-nio-8081-exec-1] INFO  c.u.e.services.ServiceUsuario - $2a$10$aTzbl2.HSRGk5M0CMtLGOO7Cn56/46PJGP2XU2BH31GY.VbJbYyC6
23:27:02.554 [http-nio-8081-exec-1] INFO  c.u.e.services.ServiceUsuario - Detached entity with generated id 'f3dc0a81-7d6b-4267-a8be-18353b8fb867' has an uninitialized version value 'null': com.uy.enRutaBackend.entities.Usuario.version
23:27:35.858 [main] INFO  c.u.e.EnRutaBackendApplication - Starting EnRutaBackendApplication using Java 17.0.12 with PID 24832 (C:\gitRepo\backend\target\classes started by pbene in C:\gitRepo\backend)
23:27:35.859 [main] INFO  c.u.e.EnRutaBackendApplication - No active profile set, falling back to 1 default profile: "default"
23:27:43.550 [main] INFO  c.u.e.EnRutaBackendApplication - Started EnRutaBackendApplication in 7.986 seconds (process running for 8.774)
23:28:40.772 [main] INFO  c.u.e.EnRutaBackendApplication - Starting EnRutaBackendApplication using Java 17.0.12 with PID 17976 (C:\gitRepo\backend\target\classes started by pbene in C:\gitRepo\backend)
23:28:40.773 [main] INFO  c.u.e.EnRutaBackendApplication - No active profile set, falling back to 1 default profile: "default"
23:28:48.551 [main] INFO  c.u.e.EnRutaBackendApplication - Started EnRutaBackendApplication in 8.071 seconds (process running for 8.871)
23:29:31.909 [http-nio-8081-exec-1] INFO  c.u.e.services.ServiceUsuario - 11dc4f74-6da3-4e53-aeb8-7e1366c0530c
23:29:31.979 [http-nio-8081-exec-1] INFO  c.u.e.services.ServiceUsuario - $2a$10$F.ZwdA/MHr8/LissI8T9u.BMJevUi6tWIn6QVsgnzaBIs0lI.drRS
23:29:32.138 [http-nio-8081-exec-1] INFO  c.u.e.services.ServiceUsuario - Row was updated or deleted by another transaction (or unsaved-value mapping was incorrect): [com.uy.enRutaBackend.entities.Usuario#11dc4f74-6da3-4e53-aeb8-7e1366c0530c]
23:31:26.376 [http-nio-8081-exec-2] INFO  c.u.e.services.ServiceUsuario - 5f2e90f2-52da-4725-ab9c-bdc2e89c5502
23:31:26.447 [http-nio-8081-exec-2] INFO  c.u.e.services.ServiceUsuario - $2a$10$w4Fl7bJ07jxZpXEhQvXsQ.RLIdg1tG6lptFbp8gKhHvcFIzvlenUy
23:31:26.564 [http-nio-8081-exec-2] INFO  c.u.e.services.ServiceUsuario - Row was updated or deleted by another transaction (or unsaved-value mapping was incorrect): [com.uy.enRutaBackend.entities.Usuario#5f2e90f2-52da-4725-ab9c-bdc2e89c5502]
23:34:55.984 [main] INFO  c.u.e.EnRutaBackendApplication - Starting EnRutaBackendApplication using Java 17.0.12 with PID 21168 (C:\gitRepo\backend\target\classes started by pbene in C:\gitRepo\backend)
23:34:55.986 [main] INFO  c.u.e.EnRutaBackendApplication - No active profile set, falling back to 1 default profile: "default"
23:35:03.718 [main] INFO  c.u.e.EnRutaBackendApplication - Started EnRutaBackendApplication in 8.02 seconds (process running for 8.802)
23:35:20.943 [http-nio-8081-exec-5] INFO  c.u.e.services.ServiceUsuario - ff528cfc-9b89-4435-8ddc-c4e6e3048534
23:35:21.015 [http-nio-8081-exec-5] INFO  c.u.e.services.ServiceUsuario - $2a$10$G5rBfXLmOIwVoeFNEEq97.06tOuRkH.6zLWfa3KnmuzZ2fT.JMz7O
23:35:21.177 [http-nio-8081-exec-5] INFO  c.u.e.services.ServiceUsuario - Row was updated or deleted by another transaction (or unsaved-value mapping was incorrect): [com.uy.enRutaBackend.entities.Vendedor#ff528cfc-9b89-4435-8ddc-c4e6e3048534]
23:36:26.162 [http-nio-8081-exec-6] INFO  c.u.e.services.ServiceUsuario - 0aefcbc5-3f28-427a-8a5b-929593049e5d
23:36:26.228 [http-nio-8081-exec-6] INFO  c.u.e.services.ServiceUsuario - $2a$10$IdREaQ95PR0CYu9wfulGv.MTblWRWCJRzMJmOPz1A9Jgm51GIW8pm
23:37:11.178 [http-nio-8081-exec-6] INFO  c.u.e.services.ServiceUsuario - Row was updated or deleted by another transaction (or unsaved-value mapping was incorrect): [com.uy.enRutaBackend.entities.Vendedor#0aefcbc5-3f28-427a-8a5b-929593049e5d]
23:37:40.588 [http-nio-8081-exec-7] INFO  c.u.e.services.ServiceUsuario - fd2e639b-c6f1-4e81-b6b0-d6393216aaf4
23:37:40.655 [http-nio-8081-exec-7] INFO  c.u.e.services.ServiceUsuario - $2a$10$secHO1VcGf0LjuvXxD8tG.HY6YRxXXWorquftnAHSFj5S8b2OawCa
23:37:55.838 [http-nio-8081-exec-7] INFO  c.u.e.services.ServiceUsuario - Row was updated or deleted by another transaction (or unsaved-value mapping was incorrect): [com.uy.enRutaBackend.entities.Cliente#fd2e639b-c6f1-4e81-b6b0-d6393216aaf4]
23:39:38.079 [main] INFO  c.u.e.EnRutaBackendApplication - Starting EnRutaBackendApplication using Java 17.0.12 with PID 24884 (C:\gitRepo\backend\target\classes started by pbene in C:\gitRepo\backend)
23:39:38.080 [main] INFO  c.u.e.EnRutaBackendApplication - No active profile set, falling back to 1 default profile: "default"
23:39:45.967 [main] INFO  c.u.e.EnRutaBackendApplication - Started EnRutaBackendApplication in 8.18 seconds (process running for 8.985)
23:39:50.684 [http-nio-8081-exec-2] INFO  c.u.e.services.ServiceUsuario - 2eba87ef-fd83-4110-90a9-a3ca36d852d1
23:39:50.752 [http-nio-8081-exec-2] INFO  c.u.e.services.ServiceUsuario - $2a$10$evBzrQrF469PjROugUsIceGbYQWhKBRkeK8XsOo/Bpd7qBN.aaA/a
23:39:56.676 [http-nio-8081-exec-2] INFO  c.u.e.services.ServiceUsuario - Row was updated or deleted by another transaction (or unsaved-value mapping was incorrect): [com.uy.enRutaBackend.entities.Cliente#2eba87ef-fd83-4110-90a9-a3ca36d852d1]
23:41:02.601 [main] INFO  c.u.e.EnRutaBackendApplication - Starting EnRutaBackendApplication using Java 17.0.12 with PID 25396 (C:\gitRepo\backend\target\classes started by pbene in C:\gitRepo\backend)
23:41:02.602 [main] INFO  c.u.e.EnRutaBackendApplication - No active profile set, falling back to 1 default profile: "default"
23:41:10.243 [main] INFO  c.u.e.EnRutaBackendApplication - Started EnRutaBackendApplication in 7.929 seconds (process running for 8.728)
23:41:15.156 [http-nio-8081-exec-1] INFO  c.u.e.services.ServiceUsuario - 787b8c16-630f-4ad6-bdd9-c14445d594f8
23:41:15.225 [http-nio-8081-exec-1] INFO  c.u.e.services.ServiceUsuario - $2a$10$QK/47TmlUebMxMD/L8r0A.jWOk.1wc4T933v9CEW3C2Kz5FiQCXJW
23:41:33.061 [http-nio-8081-exec-1] INFO  c.u.e.services.ServiceUsuario - Row was updated or deleted by another transaction (or unsaved-value mapping was incorrect): [com.uy.enRutaBackend.entities.Cliente#787b8c16-630f-4ad6-bdd9-c14445d594f8]
23:43:50.779 [main] INFO  c.u.e.EnRutaBackendApplication - Starting EnRutaBackendApplication using Java 17.0.12 with PID 24444 (C:\gitRepo\backend\target\classes started by pbene in C:\gitRepo\backend)
23:43:50.780 [main] INFO  c.u.e.EnRutaBackendApplication - No active profile set, falling back to 1 default profile: "default"
23:43:58.510 [main] INFO  c.u.e.EnRutaBackendApplication - Started EnRutaBackendApplication in 8.019 seconds (process running for 8.813)
23:44:17.782 [http-nio-8081-exec-1] INFO  c.u.e.services.ServiceUsuario - e6ac263e-286c-41ba-ae0e-27b54e5cfda2
23:44:17.854 [http-nio-8081-exec-1] INFO  c.u.e.services.ServiceUsuario - $2a$10$zO2N1p9.xi5uqQM8RIRlFeisORWxU91KR2w4wGm4eZeBA8Pd9ZXFy
23:44:44.018 [http-nio-8081-exec-1] INFO  c.u.e.services.ServiceUsuario - Detached entity with generated id 'e6ac263e-286c-41ba-ae0e-27b54e5cfda2' has an uninitialized version value 'null': com.uy.enRutaBackend.entities.Vendedor.version
23:45:04.029 [main] INFO  c.u.e.EnRutaBackendApplication - Starting EnRutaBackendApplication using Java 17.0.12 with PID 8980 (C:\gitRepo\backend\target\classes started by pbene in C:\gitRepo\backend)
23:45:04.031 [main] INFO  c.u.e.EnRutaBackendApplication - No active profile set, falling back to 1 default profile: "default"
23:45:11.631 [main] INFO  c.u.e.EnRutaBackendApplication - Started EnRutaBackendApplication in 7.897 seconds (process running for 8.694)
23:45:59.677 [http-nio-8081-exec-1] INFO  c.u.e.services.ServiceUsuario - 3c651ab4-aa4b-434c-872e-618a2e5e36f4
23:45:59.749 [http-nio-8081-exec-1] INFO  c.u.e.services.ServiceUsuario - $2a$10$cMktMUGBt8jgTlHedgY.v./.PV/j9cg0bWU5ts4JyDFoCm/D3qJUm
23:46:11.521 [http-nio-8081-exec-1] INFO  c.u.e.services.ServiceUsuario - Row was updated or deleted by another transaction (or unsaved-value mapping was incorrect): [com.uy.enRutaBackend.entities.Vendedor#3c651ab4-aa4b-434c-872e-618a2e5e36f4]
23:48:06.160 [main] INFO  c.u.e.EnRutaBackendApplication - Starting EnRutaBackendApplication using Java 17.0.12 with PID 19924 (C:\gitRepo\backend\target\classes started by pbene in C:\gitRepo\backend)
23:48:06.161 [main] INFO  c.u.e.EnRutaBackendApplication - No active profile set, falling back to 1 default profile: "default"
23:48:13.799 [main] INFO  c.u.e.EnRutaBackendApplication - Started EnRutaBackendApplication in 7.924 seconds (process running for 8.709)
23:48:20.941 [http-nio-8081-exec-1] INFO  c.u.e.services.ServiceUsuario - 2e41f687-9b0c-4320-8420-40dfad037aca
23:48:21.013 [http-nio-8081-exec-1] INFO  c.u.e.services.ServiceUsuario - $2a$10$ToDq8F1Eqby88c7fWu/WJ.pVIHaOPXZUDKwkuBZsBaWtSaPBeWANa
23:48:25.859 [http-nio-8081-exec-1] INFO  c.u.e.services.ServiceUsuario - Row was updated or deleted by another transaction (or unsaved-value mapping was incorrect): [com.uy.enRutaBackend.entities.Vendedor#2e41f687-9b0c-4320-8420-40dfad037aca]
23:49:15.074 [main] INFO  c.u.e.EnRutaBackendApplication - Starting EnRutaBackendApplication using Java 17.0.12 with PID 4328 (C:\gitRepo\backend\target\classes started by pbene in C:\gitRepo\backend)
23:49:15.075 [main] INFO  c.u.e.EnRutaBackendApplication - No active profile set, falling back to 1 default profile: "default"
23:49:22.926 [main] INFO  c.u.e.EnRutaBackendApplication - Started EnRutaBackendApplication in 8.143 seconds (process running for 8.963)
23:50:32.457 [main] INFO  c.u.e.EnRutaBackendApplication - Starting EnRutaBackendApplication using Java 17.0.12 with PID 17704 (C:\gitRepo\backend\target\classes started by pbene in C:\gitRepo\backend)
23:50:32.458 [main] INFO  c.u.e.EnRutaBackendApplication - No active profile set, falling back to 1 default profile: "default"
23:50:40.245 [main] INFO  c.u.e.EnRutaBackendApplication - Started EnRutaBackendApplication in 8.088 seconds (process running for 8.888)
23:50:43.947 [http-nio-8081-exec-1] INFO  c.u.e.services.ServiceUsuario - 47cc2657-487d-4410-87ac-5575a6d7c967
23:50:44.016 [http-nio-8081-exec-1] INFO  c.u.e.services.ServiceUsuario - $2a$10$2bPRfjAF9AiAtcbOCGhxb.YOlCXA6hvB5zZtEP6qIbpcb294bFHvG
23:51:21.885 [http-nio-8081-exec-1] INFO  c.u.e.services.ServiceUsuario - Row was updated or deleted by another transaction (or unsaved-value mapping was incorrect): [com.uy.enRutaBackend.entities.Vendedor#47cc2657-487d-4410-87ac-5575a6d7c967]
23:56:46.796 [main] INFO  c.u.e.EnRutaBackendApplication - Starting EnRutaBackendApplication using Java 17.0.12 with PID 2868 (C:\gitRepo\backend\target\classes started by pbene in C:\gitRepo\backend)
23:56:46.797 [main] INFO  c.u.e.EnRutaBackendApplication - No active profile set, falling back to 1 default profile: "default"
23:56:54.307 [main] INFO  c.u.e.EnRutaBackendApplication - Started EnRutaBackendApplication in 7.794 seconds (process running for 8.585)
23:57:35.278 [http-nio-8081-exec-1] INFO  c.u.e.services.ServiceUsuario - b710507d-45d7-4c6d-a7ac-5cbf5a07b903
23:57:35.349 [http-nio-8081-exec-1] INFO  c.u.e.services.ServiceUsuario - $2a$10$/TB4PpRYLQKECBt0FIEcHuiy6WxOUo1KPTDBBlQwxAirDBaIbXrZ2
23:58:07.592 [http-nio-8081-exec-2] INFO  c.u.e.services.ServiceUsuario - 3e643807-8210-45db-8c46-9ad6cd25e526
23:58:07.658 [http-nio-8081-exec-2] INFO  c.u.e.services.ServiceUsuario - $2a$10$Wn3EjEutgjb8ltfb2.eTqemRpHIucVtKa6gLUIo33zh2dIE/6E0tm
