00:00:51.800 [main] INFO  c.u.e.EnRutaBackendApplication - Starting EnRutaBackendApplication using Java 17.0.12 with PID 3992 (C:\gitRepo\backend\target\classes started by pbene in C:\gitRepo\backend)
00:00:51.801 [main] INFO  c.u.e.EnRutaBackendApplication - No active profile set, falling back to 1 default profile: "default"
00:00:59.396 [main] INFO  c.u.e.EnRutaBackendApplication - Started EnRutaBackendApplication in 7.88 seconds (process running for 8.673)
00:01:02.692 [http-nio-8081-exec-1] INFO  c.u.e.services.ServiceUsuario - f7b8c7a7-5497-4066-8984-8a507afac2bc
00:01:02.772 [http-nio-8081-exec-1] INFO  c.u.e.services.ServiceUsuario - $2a$10$tTA.1MKOD06/ubUt8OTwWOqhqfrPEW97PzlvYX1grwUIlj6nH6Bnu
00:02:32.120 [main] INFO  c.u.e.EnRutaBackendApplication - Starting EnRutaBackendApplication using Java 17.0.12 with PID 20320 (C:\gitRepo\backend\target\classes started by pbene in C:\gitRepo\backend)
00:02:32.121 [main] INFO  c.u.e.EnRutaBackendApplication - No active profile set, falling back to 1 default profile: "default"
00:02:39.800 [main] INFO  c.u.e.EnRutaBackendApplication - Started EnRutaBackendApplication in 7.97 seconds (process running for 8.763)
00:02:52.898 [http-nio-8081-exec-1] INFO  c.u.e.services.ServiceUsuario - 899b1874-3e81-47ae-8428-4d7f6dfc07d5
00:02:52.969 [http-nio-8081-exec-1] INFO  c.u.e.services.ServiceUsuario - $2a$10$mxdOJygUb1EG2SMnmupB0OYKyzJ9IGKYy2cmcUqjZffXpWJObphqW
00:03:49.345 [main] INFO  c.u.e.EnRutaBackendApplication - Starting EnRutaBackendApplication using Java 17.0.12 with PID 4120 (C:\gitRepo\backend\target\classes started by pbene in C:\gitRepo\backend)
00:03:49.346 [main] INFO  c.u.e.EnRutaBackendApplication - No active profile set, falling back to 1 default profile: "default"
00:03:57.361 [main] INFO  c.u.e.EnRutaBackendApplication - Started EnRutaBackendApplication in 8.3 seconds (process running for 9.089)
00:04:01.248 [http-nio-8081-exec-1] INFO  c.u.e.services.ServiceUsuario - 7fa0d902-8a56-4646-9ee1-01d49ab84c26
00:04:01.317 [http-nio-8081-exec-1] INFO  c.u.e.services.ServiceUsuario - $2a$10$rYKfmcOI7iGVCBcJ7VGn3.wpLdLMEijyGZgnrsXCW5C91WiwXK7gK
00:15:24.366 [main] INFO  c.u.e.EnRutaBackendApplication - Starting EnRutaBackendApplication using Java 17.0.12 with PID 18524 (C:\gitRepo\backend\target\classes started by pbene in C:\gitRepo\backend)
00:15:24.368 [main] INFO  c.u.e.EnRutaBackendApplication - No active profile set, falling back to 1 default profile: "default"
00:15:32.156 [main] INFO  c.u.e.EnRutaBackendApplication - Started EnRutaBackendApplication in 8.07 seconds (process running for 8.872)
00:15:52.768 [http-nio-8081-exec-1] INFO  c.u.e.services.ServiceUsuario - d0050ec0-bc47-4c9b-9faf-6c9f4360ebcd
00:15:52.840 [http-nio-8081-exec-1] INFO  c.u.e.services.ServiceUsuario - $2a$10$xhefbUnreJ5VrwJIbClFvuvyTukfNv9PahfXMNoREejYpKURGp5D6
00:17:44.523 [http-nio-8081-exec-4] INFO  c.u.e.services.ServiceUsuario - d6694ff9-3c9f-4a7c-b4af-abd6c463052e
00:17:44.590 [http-nio-8081-exec-4] INFO  c.u.e.services.ServiceUsuario - $2a$10$pjSJvZnBvlJf78s1npcg0OuPX7/aIVmxCJyUFMzFm8351cvTOHN1m
00:19:15.160 [http-nio-8081-exec-6] INFO  c.u.e.services.ServiceUsuario - 4e54e989-c6c1-479c-8a66-b184888a61ae
00:19:15.227 [http-nio-8081-exec-6] INFO  c.u.e.services.ServiceUsuario - $2a$10$RbjwdFRCaGUmg2G3sp3QP.nR/8FYgAqZlxxPFxer3US2vS3tsSLYO
00:26:44.262 [main] INFO  c.u.e.EnRutaBackendApplication - Starting EnRutaBackendApplication using Java 17.0.12 with PID 14884 (C:\gitRepo\backend\target\classes started by pbene in C:\gitRepo\backend)
00:26:44.264 [main] INFO  c.u.e.EnRutaBackendApplication - No active profile set, falling back to 1 default profile: "default"
00:26:52.223 [main] INFO  c.u.e.EnRutaBackendApplication - Started EnRutaBackendApplication in 8.246 seconds (process running for 9.041)
00:54:01.215 [main] INFO  c.u.e.EnRutaBackendApplication - Starting EnRutaBackendApplication using Java 17.0.12 with PID 9620 (C:\gitRepo\backend\target\classes started by pbene in C:\gitRepo\backend)
00:54:01.216 [main] INFO  c.u.e.EnRutaBackendApplication - No active profile set, falling back to 1 default profile: "default"
00:54:08.800 [main] INFO  c.u.e.EnRutaBackendApplication - Started EnRutaBackendApplication in 7.871 seconds (process running for 8.671)
01:44:36.364 [main] INFO  c.u.e.EnRutaBackendApplication - Starting EnRutaBackendApplication using Java 17.0.12 with PID 5568 (C:\gitRepo\backend\target\classes started by pbene in C:\gitRepo\backend)
01:44:36.365 [main] INFO  c.u.e.EnRutaBackendApplication - No active profile set, falling back to 1 default profile: "default"
01:49:48.901 [main] INFO  c.u.e.EnRutaBackendApplication - Starting EnRutaBackendApplication using Java 17.0.12 with PID 13240 (C:\gitRepo\backend\target\classes started by pbene in C:\gitRepo\backend)
01:49:48.903 [main] INFO  c.u.e.EnRutaBackendApplication - No active profile set, falling back to 1 default profile: "default"
01:49:56.746 [main] INFO  c.u.e.EnRutaBackendApplication - Started EnRutaBackendApplication in 8.128 seconds (process running for 8.919)
01:58:38.703 [main] INFO  c.u.e.EnRutaBackendApplication - Starting EnRutaBackendApplication using Java 17.0.12 with PID 17864 (C:\gitRepo\backend\target\classes started by pbene in C:\gitRepo\backend)
01:58:38.704 [main] INFO  c.u.e.EnRutaBackendApplication - No active profile set, falling back to 1 default profile: "default"
01:58:46.398 [main] INFO  c.u.e.EnRutaBackendApplication - Started EnRutaBackendApplication in 8.002 seconds (process running for 8.833)
02:01:05.158 [main] INFO  c.u.e.EnRutaBackendApplication - Starting EnRutaBackendApplication using Java 17.0.12 with PID 2036 (C:\gitRepo\backend\target\classes started by pbene in C:\gitRepo\backend)
02:01:05.161 [main] INFO  c.u.e.EnRutaBackendApplication - No active profile set, falling back to 1 default profile: "default"
02:01:12.839 [main] INFO  c.u.e.EnRutaBackendApplication - Started EnRutaBackendApplication in 7.967 seconds (process running for 8.759)
02:09:22.003 [main] INFO  c.u.e.EnRutaBackendApplication - Starting EnRutaBackendApplication using Java 17.0.12 with PID 16908 (C:\gitRepo\backend\target\classes started by pbene in C:\gitRepo\backend)
02:09:22.004 [main] INFO  c.u.e.EnRutaBackendApplication - No active profile set, falling back to 1 default profile: "default"
02:13:45.501 [main] INFO  c.u.e.EnRutaBackendApplication - Starting EnRutaBackendApplication using Java 17.0.12 with PID 6712 (C:\gitRepo\backend\target\classes started by pbene in C:\gitRepo\backend)
02:13:45.501 [main] INFO  c.u.e.EnRutaBackendApplication - No active profile set, falling back to 1 default profile: "default"
02:16:42.384 [main] INFO  c.u.e.EnRutaBackendApplication - Starting EnRutaBackendApplication using Java 17.0.12 with PID 18108 (C:\gitRepo\backend\target\classes started by pbene in C:\gitRepo\backend)
02:16:42.386 [main] INFO  c.u.e.EnRutaBackendApplication - No active profile set, falling back to 1 default profile: "default"
02:20:27.514 [main] INFO  c.u.e.EnRutaBackendApplication - Starting EnRutaBackendApplication using Java 17.0.12 with PID 6756 (C:\gitRepo\backend\target\classes started by pbene in C:\gitRepo\backend)
02:20:27.515 [main] INFO  c.u.e.EnRutaBackendApplication - No active profile set, falling back to 1 default profile: "default"
02:22:27.751 [main] INFO  c.u.e.EnRutaBackendApplication - Starting EnRutaBackendApplication using Java 17.0.12 with PID 6916 (C:\gitRepo\backend\target\classes started by pbene in C:\gitRepo\backend)
02:22:27.753 [main] INFO  c.u.e.EnRutaBackendApplication - No active profile set, falling back to 1 default profile: "default"
02:24:09.581 [main] INFO  c.u.e.EnRutaBackendApplication - Starting EnRutaBackendApplication using Java 17.0.12 with PID 22848 (C:\gitRepo\backend\target\classes started by pbene in C:\gitRepo\backend)
02:24:09.583 [main] INFO  c.u.e.EnRutaBackendApplication - No active profile set, falling back to 1 default profile: "default"
02:24:35.552 [main] INFO  c.u.e.EnRutaBackendApplication - Starting EnRutaBackendApplication using Java 17.0.12 with PID 1084 (C:\gitRepo\backend\target\classes started by pbene in C:\gitRepo\backend)
02:24:35.553 [main] INFO  c.u.e.EnRutaBackendApplication - No active profile set, falling back to 1 default profile: "default"
02:28:10.895 [main] INFO  c.u.e.EnRutaBackendApplication - Starting EnRutaBackendApplication using Java 17.0.12 with PID 18336 (C:\gitRepo\backend\target\classes started by pbene in C:\gitRepo\backend)
02:28:10.896 [main] INFO  c.u.e.EnRutaBackendApplication - No active profile set, falling back to 1 default profile: "default"
02:29:48.408 [main] INFO  c.u.e.EnRutaBackendApplication - Starting EnRutaBackendApplication using Java 17.0.12 with PID 14276 (C:\gitRepo\backend\target\classes started by pbene in C:\gitRepo\backend)
02:29:48.410 [main] INFO  c.u.e.EnRutaBackendApplication - No active profile set, falling back to 1 default profile: "default"
02:30:09.464 [main] INFO  c.u.e.EnRutaBackendApplication - Starting EnRutaBackendApplication using Java 17.0.12 with PID 19020 (C:\gitRepo\backend\target\classes started by pbene in C:\gitRepo\backend)
02:30:09.466 [main] INFO  c.u.e.EnRutaBackendApplication - No active profile set, falling back to 1 default profile: "default"
02:33:43.135 [main] INFO  c.u.e.EnRutaBackendApplication - Starting EnRutaBackendApplication using Java 17.0.12 with PID 20804 (C:\gitRepo\backend\target\classes started by pbene in C:\gitRepo\backend)
02:33:43.136 [main] INFO  c.u.e.EnRutaBackendApplication - No active profile set, falling back to 1 default profile: "default"
02:33:51.040 [main] INFO  c.u.e.EnRutaBackendApplication - Started EnRutaBackendApplication in 8.204 seconds (process running for 9.004)
02:35:22.345 [main] INFO  c.u.e.EnRutaBackendApplication - Starting EnRutaBackendApplication using Java 17.0.12 with PID 17220 (C:\gitRepo\backend\target\classes started by pbene in C:\gitRepo\backend)
02:35:22.346 [main] INFO  c.u.e.EnRutaBackendApplication - No active profile set, falling back to 1 default profile: "default"
02:35:30.238 [main] INFO  c.u.e.EnRutaBackendApplication - Started EnRutaBackendApplication in 8.175 seconds (process running for 8.971)
02:37:05.575 [main] INFO  c.u.e.EnRutaBackendApplication - Starting EnRutaBackendApplication using Java 17.0.12 with PID 18144 (C:\gitRepo\backend\target\classes started by pbene in C:\gitRepo\backend)
02:37:05.576 [main] INFO  c.u.e.EnRutaBackendApplication - No active profile set, falling back to 1 default profile: "default"
02:37:13.348 [main] INFO  c.u.e.EnRutaBackendApplication - Started EnRutaBackendApplication in 8.066 seconds (process running for 8.891)
02:38:19.905 [main] INFO  c.u.e.EnRutaBackendApplication - Starting EnRutaBackendApplication using Java 17.0.12 with PID 20236 (C:\gitRepo\backend\target\classes started by pbene in C:\gitRepo\backend)
02:38:19.906 [main] INFO  c.u.e.EnRutaBackendApplication - No active profile set, falling back to 1 default profile: "default"
02:38:27.812 [main] INFO  c.u.e.EnRutaBackendApplication - Started EnRutaBackendApplication in 8.201 seconds (process running for 8.994)
02:40:21.201 [main] INFO  c.u.e.EnRutaBackendApplication - Starting EnRutaBackendApplication using Java 17.0.12 with PID 15232 (C:\gitRepo\backend\target\classes started by pbene in C:\gitRepo\backend)
02:40:21.202 [main] INFO  c.u.e.EnRutaBackendApplication - No active profile set, falling back to 1 default profile: "default"
02:40:29.066 [main] INFO  c.u.e.EnRutaBackendApplication - Started EnRutaBackendApplication in 8.161 seconds (process running for 8.999)
02:44:24.220 [main] INFO  c.u.e.EnRutaBackendApplication - Starting EnRutaBackendApplication using Java 17.0.12 with PID 3032 (C:\gitRepo\backend\target\classes started by pbene in C:\gitRepo\backend)
02:44:24.223 [main] INFO  c.u.e.EnRutaBackendApplication - No active profile set, falling back to 1 default profile: "default"
02:44:32.145 [main] INFO  c.u.e.EnRutaBackendApplication - Started EnRutaBackendApplication in 8.215 seconds (process running for 9.035)
02:50:38.561 [main] INFO  c.u.e.EnRutaBackendApplication - Starting EnRutaBackendApplication using Java 17.0.12 with PID 10164 (C:\gitRepo\backend\target\classes started by pbene in C:\gitRepo\backend)
02:50:38.562 [main] INFO  c.u.e.EnRutaBackendApplication - No active profile set, falling back to 1 default profile: "default"
02:50:46.545 [main] INFO  c.u.e.EnRutaBackendApplication - Started EnRutaBackendApplication in 8.277 seconds (process running for 9.069)
02:54:20.641 [main] INFO  c.u.e.EnRutaBackendApplication - Starting EnRutaBackendApplication using Java 17.0.12 with PID 25312 (C:\gitRepo\backend\target\classes started by pbene in C:\gitRepo\backend)
02:54:20.643 [main] INFO  c.u.e.EnRutaBackendApplication - No active profile set, falling back to 1 default profile: "default"
02:54:28.343 [main] INFO  c.u.e.EnRutaBackendApplication - Started EnRutaBackendApplication in 7.993 seconds (process running for 8.784)
02:58:32.056 [main] INFO  c.u.e.EnRutaBackendApplication - Starting EnRutaBackendApplication using Java 17.0.12 with PID 15056 (C:\gitRepo\backend\target\classes started by pbene in C:\gitRepo\backend)
02:58:32.058 [main] INFO  c.u.e.EnRutaBackendApplication - No active profile set, falling back to 1 default profile: "default"
02:58:40.237 [main] INFO  c.u.e.EnRutaBackendApplication - Started EnRutaBackendApplication in 8.48 seconds (process running for 9.278)
03:05:32.876 [main] INFO  c.u.e.EnRutaBackendApplication - Starting EnRutaBackendApplication using Java 17.0.12 with PID 26568 (C:\gitRepo\backend\target\classes started by pbene in C:\gitRepo\backend)
03:05:32.877 [main] INFO  c.u.e.EnRutaBackendApplication - No active profile set, falling back to 1 default profile: "default"
03:05:40.660 [main] INFO  c.u.e.EnRutaBackendApplication - Started EnRutaBackendApplication in 8.077 seconds (process running for 8.884)
03:10:53.752 [main] INFO  c.u.e.EnRutaBackendApplication - Starting EnRutaBackendApplication using Java 17.0.12 with PID 5700 (C:\gitRepo\backend\target\classes started by pbene in C:\gitRepo\backend)
03:10:53.753 [main] INFO  c.u.e.EnRutaBackendApplication - No active profile set, falling back to 1 default profile: "default"
03:11:01.536 [main] INFO  c.u.e.EnRutaBackendApplication - Started EnRutaBackendApplication in 8.074 seconds (process running for 8.878)
03:12:50.700 [http-nio-8081-exec-2] INFO  c.u.e.services.ServiceUsuario - {"access_token":"eyJhbGciOiJIUzI1NiIsImtpZCI6InRTUW4yMTdPeDZhSE9nTnoiLCJ0eXAiOiJKV1QifQ.eyJpc3MiOiJodHRwczovL3p2eW51d21yZm1rdHF3aGRqcG9lLnN1cGFiYXNlLmNvL2F1dGgvdjEiLCJzdWIiOiJjNDc1OWFhZC1mMTE3LTRiMzItYTNhNy05MDgyN2IzZWI3YWIiLCJhdWQiOiJhdXRoZW50aWNhdGVkIiwiZXhwIjoxNzQ4MDcwNzcwLCJpYXQiOjE3NDgwNjcxNzAsImVtYWlsIjoicGFvLjIxLjIwMTNAZ21haWwuY29tIiwicGhvbmUiOiIiLCJhcHBfbWV0YWRhdGEiOnsicHJvdmlkZXIiOiJlbWFpbCIsInByb3ZpZGVycyI6WyJlbWFpbCJdfSwidXNlcl9tZXRhZGF0YSI6eyJhcGVsbGlkb3MiOiJCZW5lZGljdHRpIiwiY2VkdWxhIjoiNDkwNTc1ODciLCJlbGltaW5hZG8iOmZhbHNlLCJlbWFpbCI6InBhby4yMS4yMDEzQGdtYWlsLmNvbSIsImVtYWlsX3ZlcmlmaWVkIjp0cnVlLCJlc3RhZG9fZGVzY3VlbnRvIjpmYWxzZSwiZmVjaGFfbmFjaW1pZW50byI6IldlZCBGZWIgMTkgMjI6MDc6MjYgVVlTVCAxOTkyIiwibm9tYnJlcyI6IlBhb2xhIiwicGhvbmVfdmVyaWZpZWQiOmZhbHNlLCJzdWIiOiJjNDc1OWFhZC1mMTE3LTRiMzItYTNhNy05MDgyN2IzZWI3YWIiLCJ0aXBvX3VzdWFyaW8iOiJDTElFTlRFIn0sInJvbGUiOiJhdXRoZW50aWNhdGVkIiwiYWFsIjoiYWFsMSIsImFtciI6W3sibWV0aG9kIjoicGFzc3dvcmQiLCJ0aW1lc3RhbXAiOjE3NDgwNjcxNzB9XSwic2Vzc2lvbl9pZCI6IjAwYzVhMTEyLTEzMDMtNDdhNi1iYmE0LTAwNjUyYzMzZWY0ZCIsImlzX2Fub255bW91cyI6ZmFsc2V9.0FfWzDb8orHe5Pcc1xunXq8uT4tUJzBKnQktCgXk6Hw","refresh_token":"vuibamzcmqj4","expires_at":1748070770,"token_type":"bearer","expires_in":3600,"user":{"role":"authenticated","confirmation_sent_at":"2025-05-22T02:28:22.715838Z","created_at":"2025-05-22T02:28:22.667708Z","aud":"authenticated","email_confirmed_at":"2025-05-22T02:28:38.817116Z","user_metadata":{"apellidos":"Benedictti","estado_descuento":false,"sub":"c4759aad-f117-4b32-a3a7-90827b3eb7ab","email_verified":true,"eliminado":false,"phone_verified":false,"cedula":"49057587","fecha_nacimiento":"Wed Feb 19 22:07:26 UYST 1992","tipo_usuario":"CLIENTE","email":"pao.21.2013@gmail.com","nombres":"Paola"},"identities":[{"identity_data":{"apellidos":"Benedictti","estado_descuento":false,"sub":"c4759aad-f117-4b32-a3a7-90827b3eb7ab","email_verified":true,"eliminado":false,"phone_verified":false,"cedula":"49057587","fecha_nacimiento":"Wed Feb 19 22:07:26 UYST 1992","tipo_usuario":"CLIENTE","email":"pao.21.2013@gmail.com","nombres":"Paola"},"last_sign_in_at":"2025-05-22T02:28:22.698253Z","updated_at":"2025-05-22T02:28:22.698324Z","identity_id":"8099cc75-2afa-438d-ad90-a72b000850d6","user_id":"c4759aad-f117-4b32-a3a7-90827b3eb7ab","provider":"email","created_at":"2025-05-22T02:28:22.698324Z","id":"c4759aad-f117-4b32-a3a7-90827b3eb7ab","email":"pao.21.2013@gmail.com"}],"last_sign_in_at":"2025-05-24T06:12:50.281416651Z","updated_at":"2025-05-24T06:12:50.317034Z","phone":"","is_anonymous":false,"id":"c4759aad-f117-4b32-a3a7-90827b3eb7ab","confirmed_at":"2025-05-22T02:28:38.817116Z","email":"pao.21.2013@gmail.com","app_metadata":{"provider":"email","providers":["email"]}}}
